Determining if the pthread_create exist failed with the following output:
Change Dir: /root/bbb/file2gpio/build/CMakeFiles/CMakeTmp

Run Build Command:"/usr/bin/make" "cmTC_cc85b/fast"
/usr/bin/make -f CMakeFiles/cmTC_cc85b.dir/build.make CMakeFiles/cmTC_cc85b.dir/build
make[1]: Entering directory '/root/bbb/file2gpio/build/CMakeFiles/CMakeTmp'
Building C object CMakeFiles/cmTC_cc85b.dir/CheckSymbolExists.c.o
/usr/bin/arm-linux-gnueabihf-gcc     -o CMakeFiles/cmTC_cc85b.dir/CheckSymbolExists.c.o   -c /root/bbb/file2gpio/build/CMakeFiles/CMakeTmp/CheckSymbolExists.c
Linking C executable cmTC_cc85b
/usr/bin/cmake -E cmake_link_script CMakeFiles/cmTC_cc85b.dir/link.txt --verbose=1
/usr/bin/arm-linux-gnueabihf-gcc       CMakeFiles/cmTC_cc85b.dir/CheckSymbolExists.c.o  -o cmTC_cc85b 
CMakeFiles/cmTC_cc85b.dir/CheckSymbolExists.c.o: In function `main':
CheckSymbolExists.c:(.text+0x2c): undefined reference to `pthread_create'
collect2: error: ld returned 1 exit status
CMakeFiles/cmTC_cc85b.dir/build.make:97: recipe for target 'cmTC_cc85b' failed
make[1]: *** [cmTC_cc85b] Error 1
make[1]: Leaving directory '/root/bbb/file2gpio/build/CMakeFiles/CMakeTmp'
Makefile:126: recipe for target 'cmTC_cc85b/fast' failed
make: *** [cmTC_cc85b/fast] Error 2

File /root/bbb/file2gpio/build/CMakeFiles/CMakeTmp/CheckSymbolExists.c:
/* */
#include <pthread.h>

int main(int argc, char** argv)
{
  (void)argv;
#ifndef pthread_create
  return ((int*)(&pthread_create))[argc];
#else
  (void)argc;
  return 0;
#endif
}

Determining if the function pthread_create exists in the pthreads failed with the following output:
Change Dir: /root/bbb/file2gpio/build/CMakeFiles/CMakeTmp

Run Build Command:"/usr/bin/make" "cmTC_608a2/fast"
/usr/bin/make -f CMakeFiles/cmTC_608a2.dir/build.make CMakeFiles/cmTC_608a2.dir/build
make[1]: Entering directory '/root/bbb/file2gpio/build/CMakeFiles/CMakeTmp'
Building C object CMakeFiles/cmTC_608a2.dir/CheckFunctionExists.c.o
/usr/bin/arm-linux-gnueabihf-gcc    -DCHECK_FUNCTION_EXISTS=pthread_create   -o CMakeFiles/cmTC_608a2.dir/CheckFunctionExists.c.o   -c /usr/share/cmake-3.7/Modules/CheckFunctionExists.c
Linking C executable cmTC_608a2
/usr/bin/cmake -E cmake_link_script CMakeFiles/cmTC_608a2.dir/link.txt --verbose=1
/usr/bin/arm-linux-gnueabihf-gcc   -DCHECK_FUNCTION_EXISTS=pthread_create    CMakeFiles/cmTC_608a2.dir/CheckFunctionExists.c.o  -o cmTC_608a2 -lpthreads 
/usr/lib/gcc-cross/arm-linux-gnueabihf/6/../../../../arm-linux-gnueabihf/bin/ld: cannot find -lpthreads
collect2: error: ld returned 1 exit status
CMakeFiles/cmTC_608a2.dir/build.make:97: recipe for target 'cmTC_608a2' failed
make[1]: *** [cmTC_608a2] Error 1
make[1]: Leaving directory '/root/bbb/file2gpio/build/CMakeFiles/CMakeTmp'
Makefile:126: recipe for target 'cmTC_608a2/fast' failed
make: *** [cmTC_608a2/fast] Error 2


